<?xml version="1.0" encoding="UTF-8"?>
<!-- Generated by org.testng.reporters.JUnitXMLReporter -->
<testsuite hostname="C02NG2TPG3QT" name="Default test" tests="19" failures="0" timestamp="6 Aug 2016 22:45:22 GMT" time="11.699" errors="0">
  <testcase name="callbackOpenLib" time="1.666" classname="com.openLib.RestAssured.Assignment_Restassured"/>
  <testcase name="checkNumberofauthors" time="0.002" classname="com.openLib.RestAssured.Assignment_Restassured"/>
  <testcase name="checkResponseCodeForCorrectRequest" time="0.333" classname="com.openLib.RestAssured.Assignment_Restassured"/>
  <testcase name="checkResponseCodeForIncorrectRequest" time="0.228" classname="com.openLib.RestAssured.Assignment_Restassured"/>
  <testcase name="checkResponseContectTypeRDF" time="0.895" classname="com.openLib.RestAssured.Assignment_Restassured"/>
  <testcase name="checkResponseContentTypeJson" time="0.216" classname="com.openLib.RestAssured.Assignment_Restassured"/>
  <testcase name="checkSizeofentriesResponse" time="0.736" classname="com.openLib.RestAssured.Assignment_Restassured"/>
  <testcase name="checkTheSecondCommentOf2014WasAtAlbertPark" time="0.24" classname="com.openLib.RestAssured.Assignment_Restassured"/>
  <testcase name="checkTheaurthor" time="0.29" classname="com.openLib.RestAssured.Assignment_Restassured"/>
  <testcase name="checkauthours" time="0.266" classname="com.openLib.RestAssured.Assignment_Restassured"/>
  <testcase name="cookiesSupportEqualCharacterInCookieValue" time="2.053" classname="com.openLib.RestAssured.Assignment_Restassured"/>
  <testcase name="getRdfAndCheck" time="0.795" classname="com.openLib.RestAssured.Assignment_Restassured"/>
  <testcase name="retrieveOAuthToken" time="1.239" classname="com.openLib.RestAssured.Assignment_Restassured"/>
  <testcase name="retriveTitleandValidatefromResponse" time="0.298" classname="com.openLib.RestAssured.Assignment_Restassured"/>
  <testcase name="useBasicAuthentication" time="0.858" classname="com.openLib.RestAssured.Assignment_Restassured"/>
  <testcase name="useMultiplePathParameters" time="0.272" classname="com.openLib.RestAssured.Assignment_Restassured"/>
  <testcase name="useSinglePathParameter" time="0.233" classname="com.openLib.RestAssured.Assignment_Restassured"/>
  <testcase name="validatenotes" time="0.287" classname="com.openLib.RestAssured.Assignment_Restassured"/>
  <testcase name="whenExpectationsDefinedThenAsStringReturnsCanReturnTheResponseBody" time="0.265" classname="com.openLib.RestAssured.Assignment_Restassured"/>
</testsuite> <!-- Default test -->
